Virtual User Script started at: 11.04.2021 17:03:53
Starting action vuser_init.
Web Turbo Replay of LoadRunner 12.60.0 for Windows 10; build 971 (‡‚„ 09 2018 11:27:13)  	[MsgId: MMSG-26983]
Run mode: HTML  	[MsgId: MMSG-26993]
Replay user agent: Mozilla/5.0 (Windows NT 10.0; WOW64; Trident/7.0; rv:11.0) like Gecko  	[MsgId: MMSG-26988]
Runtime Settings file: "D:\À÷›\ƒ«\HW_8_1\\default.cfg"  	[MsgId: MMSG-27141]
vuser_init.c(4): Notify: Transaction "01.Login_open_field" started.
vuser_init.c(6): web_reg_save_param_ex started  	[MsgId: MMSG-26355]
vuser_init.c(6): Registering web_reg_save_param_ex was successful  	[MsgId: MMSG-26390]
vuser_init.c(14): web_url("webtours") started  	[MsgId: MMSG-26355]
vuser_init.c(14): Detected non-resource "http://localhost:1080/webtours/header.html" in "http://localhost:1080/webtours/"  	[MsgId: MMSG-26574]
vuser_init.c(14): Detected non-resource "http://localhost:1080/cgi-bin/welcome.pl?signOff=true" in "http://localhost:1080/webtours/"  	[MsgId: MMSG-26574]
vuser_init.c(14): Found resource "http://localhost:1080/webtours/images/hp_logo.png" in HTML "http://localhost:1080/webtours/header.html"  	[MsgId: MMSG-26659]
vuser_init.c(14): Found resource "http://localhost:1080/webtours/images/webtours.png" in HTML "http://localhost:1080/webtours/header.html"  	[MsgId: MMSG-26659]
vuser_init.c(14): Detected non-resource "http://localhost:1080/cgi-bin/nav.pl?in=home" in "http://localhost:1080/cgi-bin/welcome.pl?signOff=true"  	[MsgId: MMSG-26574]
vuser_init.c(14): Detected non-resource "http://localhost:1080/WebTours/home.html" in "http://localhost:1080/cgi-bin/welcome.pl?signOff=true"  	[MsgId: MMSG-26574]
vuser_init.c(14): Found resource "http://localhost:1080/WebTours/images/mer_login.gif" in HTML "http://localhost:1080/cgi-bin/nav.pl?in=home"  	[MsgId: MMSG-26659]
vuser_init.c(14): web_url("webtours") was successful, 10074 body bytes, 2371 header bytes, 24 chunking overhead bytes  	[MsgId: MMSG-26385]
globals.h(23): Notify: Transaction "01.Login_open_field" ended with a "Pass" status (Duration: 0,8864 Wasted Time: 0,5084).
globals.h(25): web_custom_request("InfluxDB") started  	[MsgId: MMSG-26355]
globals.h(25): web_custom_request("InfluxDB") was successful, 0 body bytes, 248 header bytes  	[MsgId: MMSG-26386]
vuser_init.c(28): Notify: Transaction "02.Login_enter" started.
vuser_init.c(30): web_submit_data("login.pl") started  	[MsgId: MMSG-26355]
vuser_init.c(30): Detected non-resource "http://localhost:1080/cgi-bin/nav.pl?page=menu&in=home" in "http://localhost:1080/cgi-bin/login.pl"  	[MsgId: MMSG-26574]
vuser_init.c(30): Detected non-resource "http://localhost:1080/cgi-bin/login.pl?intro=true" in "http://localhost:1080/cgi-bin/login.pl"  	[MsgId: MMSG-26574]
vuser_init.c(30): Found resource "http://localhost:1080/WebTours/images/flights.gif" in HTML "http://localhost:1080/cgi-bin/nav.pl?page=menu&in=home"  	[MsgId: MMSG-26659]
vuser_init.c(30): Found resource "http://localhost:1080/WebTours/images/itinerary.gif" in HTML "http://localhost:1080/cgi-bin/nav.pl?page=menu&in=home"  	[MsgId: MMSG-26659]
vuser_init.c(30): Found resource "http://localhost:1080/WebTours/images/in_home.gif" in HTML "http://localhost:1080/cgi-bin/nav.pl?page=menu&in=home"  	[MsgId: MMSG-26659]
vuser_init.c(30): Found resource "http://localhost:1080/WebTours/images/signoff.gif" in HTML "http://localhost:1080/cgi-bin/nav.pl?page=menu&in=home"  	[MsgId: MMSG-26659]
vuser_init.c(30): web_submit_data("login.pl") was successful, 5779 body bytes, 2031 header bytes, 36 chunking overhead bytes  	[MsgId: MMSG-26385]
globals.h(23): Notify: Transaction "02.Login_enter" ended with a "Pass" status (Duration: 0,3160 Wasted Time: 0,0987).
globals.h(25): web_custom_request("InfluxDB") started  	[MsgId: MMSG-26355]
globals.h(25): web_custom_request("InfluxDB") was successful, 0 body bytes, 248 header bytes  	[MsgId: MMSG-26386]
Ending action vuser_init.
Running Vuser...
Starting iteration 1.
Warning -27077: The "vuser_init" section contains web function(s) when the "Simulate a new user on each iteration" Runtime Setting is ON.  This may produce unpredictable results with multiple iterations  	[MsgId: MWAR-27077]
Maximum number of concurrent connections per server: 6  	[MsgId: MMSG-26989]
Starting action Create.
Create.c(6): Notify: Transaction "03.Search_FindFlight" started.
Create.c(8): web_url("Search Flights Button") started  	[MsgId: MMSG-26355]
Create.c(8): Detected non-resource "http://localhost:1080/cgi-bin/nav.pl?page=menu&in=flights" in "http://localhost:1080/cgi-bin/welcome.pl?page=search"  	[MsgId: MMSG-26574]
Create.c(8): Detected non-resource "http://localhost:1080/cgi-bin/reservations.pl?page=welcome" in "http://localhost:1080/cgi-bin/welcome.pl?page=search"  	[MsgId: MMSG-26574]
Create.c(8): Found resource "http://localhost:1080/WebTours/images/in_flights.gif" in HTML "http://localhost:1080/cgi-bin/nav.pl?page=menu&in=flights"  	[MsgId: MMSG-26659]
Create.c(8): Resource "http://localhost:1080/WebTours/images/itinerary.gif" is in the cache already and will not be downloaded again  	[MsgId: MMSG-26655]
Create.c(8): Found resource "http://localhost:1080/WebTours/images/home.gif" in HTML "http://localhost:1080/cgi-bin/nav.pl?page=menu&in=flights"  	[MsgId: MMSG-26659]
Create.c(8): Resource "http://localhost:1080/WebTours/images/signoff.gif" is in the cache already and will not be downloaded again  	[MsgId: MMSG-26655]
Create.c(8): Found resource "http://localhost:1080/WebTours/images/button_next.gif" in HTML "http://localhost:1080/cgi-bin/reservations.pl?page=welcome"  	[MsgId: MMSG-26659]
Create.c(8): web_url("Search Flights Button") was successful, 8516 body bytes, 1616 header bytes, 43 chunking overhead bytes  	[MsgId: MMSG-26385]
globals.h(23): Notify: Transaction "03.Search_FindFlight" ended with a "Pass" status (Duration: 0,2753 Wasted Time: 0,0982).
globals.h(25): web_custom_request("InfluxDB") started  	[MsgId: MMSG-26355]
globals.h(25): web_custom_request("InfluxDB") was successful, 0 body bytes, 248 header bytes  	[MsgId: MMSG-26386]
Create.c(21): Notify: Transaction "04.Create_ticket" started.
Create.c(23): web_reg_save_param_ex started  	[MsgId: MMSG-26355]
Create.c(23): Registering web_reg_save_param_ex was successful  	[MsgId: MMSG-26390]
Create.c(32): web_submit_data("reservations.pl") started  	[MsgId: MMSG-26355]
Create.c(32): Resource "http://localhost:1080/WebTours/images/button_next.gif" is in the cache already and will not be downloaded again  	[MsgId: MMSG-26655]
Create.c(32): web_submit_data("reservations.pl") was successful, 2410 body bytes, 255 header bytes, 12 chunking overhead bytes  	[MsgId: MMSG-26385]
globals.h(23): Notify: Transaction "04.Create_ticket" ended with a "Pass" status (Duration: 0,1626 Wasted Time: 0,0404).
globals.h(25): web_custom_request("InfluxDB") started  	[MsgId: MMSG-26355]
globals.h(25): web_custom_request("InfluxDB") was successful, 0 body bytes, 248 header bytes  	[MsgId: MMSG-26386]
Create.c(61): Notify: Transaction "05.Create_ticket_part2" started.
Create.c(63): web_submit_data("reservations.pl_2") started  	[MsgId: MMSG-26355]
Create.c(63): Resource "http://localhost:1080/WebTours/images/button_next.gif" is in the cache already and will not be downloaded again  	[MsgId: MMSG-26655]
Create.c(63): web_submit_data("reservations.pl_2") was successful, 2688 body bytes, 255 header bytes, 12 chunking overhead bytes  	[MsgId: MMSG-26385]
globals.h(23): Notify: Transaction "05.Create_ticket_part2" ended with a "Pass" status (Duration: 0,2215 Wasted Time: 0,0511).
globals.h(25): web_custom_request("InfluxDB") started  	[MsgId: MMSG-26355]
globals.h(25): web_custom_request("InfluxDB") was successful, 0 body bytes, 248 header bytes  	[MsgId: MMSG-26386]
Create.c(86): Notify: Transaction "06.Create_ticket_payments_detail" started.
Create.c(88): web_submit_data("reservations.pl_3") started  	[MsgId: MMSG-26355]
Create.c(88): Found resource "http://localhost:1080/WebTours/images/bookanother.gif" in HTML "http://localhost:1080/cgi-bin/reservations.pl"  	[MsgId: MMSG-26659]
Create.c(88): web_submit_data("reservations.pl_3") was successful, 3265 body bytes, 658 header bytes, 12 chunking overhead bytes  	[MsgId: MMSG-26385]
globals.h(23): Notify: Transaction "06.Create_ticket_payments_detail" ended with a "Pass" status (Duration: 0,1872 Wasted Time: 0,0603).
globals.h(25): web_custom_request("InfluxDB") started  	[MsgId: MMSG-26355]
globals.h(25): web_custom_request("InfluxDB") was successful, 0 body bytes, 248 header bytes  	[MsgId: MMSG-26386]
Ending action Create.
Starting action Delete_All.
Delete_All.c(6): Notify: Transaction "09.Itinerary_all_ticket" started.
Delete_All.c(8): web_reg_save_param_ex started  	[MsgId: MMSG-26355]
Delete_All.c(8): Registering web_reg_save_param_ex was successful  	[MsgId: MMSG-26390]
Delete_All.c(15): web_url("Itinerary Button") started  	[MsgId: MMSG-26355]
Delete_All.c(15): Detected non-resource "http://localhost:1080/cgi-bin/nav.pl?page=menu&in=itinerary" in "http://localhost:1080/cgi-bin/welcome.pl?page=itinerary"  	[MsgId: MMSG-26574]
Delete_All.c(15): Detected non-resource "http://localhost:1080/cgi-bin/itinerary.pl" in "http://localhost:1080/cgi-bin/welcome.pl?page=itinerary"  	[MsgId: MMSG-26574]
Delete_All.c(15): Resource "http://localhost:1080/WebTours/images/flights.gif" is in the cache already and will not be downloaded again  	[MsgId: MMSG-26655]
Delete_All.c(15): Found resource "http://localhost:1080/WebTours/images/in_itinerary.gif" in HTML "http://localhost:1080/cgi-bin/nav.pl?page=menu&in=itinerary"  	[MsgId: MMSG-26659]
Delete_All.c(15): Resource "http://localhost:1080/WebTours/images/home.gif" is in the cache already and will not be downloaded again  	[MsgId: MMSG-26655]
Delete_All.c(15): Resource "http://localhost:1080/WebTours/images/signoff.gif" is in the cache already and will not be downloaded again  	[MsgId: MMSG-26655]
Delete_All.c(15): Found resource "http://localhost:1080/WebTours/images/cancelreservation.gif" in HTML "http://localhost:1080/cgi-bin/itinerary.pl"  	[MsgId: MMSG-26659]
Delete_All.c(15): Found resource "http://localhost:1080/WebTours/images/cancelallreservations.gif" in HTML "http://localhost:1080/cgi-bin/itinerary.pl"  	[MsgId: MMSG-26659]
Delete_All.c(15): web_url("Itinerary Button") was successful, 6973 body bytes, 1616 header bytes, 36 chunking overhead bytes  	[MsgId: MMSG-26385]
globals.h(23): Notify: Transaction "09.Itinerary_all_ticket" ended with a "Pass" status (Duration: 0,3413 Wasted Time: 0,0994).
globals.h(25): web_custom_request("InfluxDB") started  	[MsgId: MMSG-26355]
globals.h(25): web_custom_request("InfluxDB") was successful, 0 body bytes, 248 header bytes  	[MsgId: MMSG-26386]
Delete_All.c(28): Notify: Transaction "10.Delete_all_ticket" started.
Delete_All.c(30): web_submit_data("itinerary.pl") started  	[MsgId: MMSG-26355]
Delete_All.c(30): web_submit_data("itinerary.pl") was successful, 887 body bytes, 255 header bytes, 12 chunking overhead bytes  	[MsgId: MMSG-26385]
globals.h(23): Notify: Transaction "10.Delete_all_ticket" ended with a "Pass" status (Duration: 0,1746 Wasted Time: 0,0397).
globals.h(25): web_custom_request("InfluxDB") started  	[MsgId: MMSG-26355]
globals.h(25): web_custom_request("InfluxDB") was successful, 0 body bytes, 248 header bytes  	[MsgId: MMSG-26386]
Ending action Delete_All.
Ending iteration 1.
Ending Vuser...
Starting action vuser_end.
vuser_end.c(7): Notify: Transaction "10.Exit" started.
vuser_end.c(9): web_url("SignOff Button") started  	[MsgId: MMSG-26355]
vuser_end.c(9): Detected non-resource "http://localhost:1080/cgi-bin/nav.pl?in=home" in "http://localhost:1080/cgi-bin/welcome.pl?signOff=1"  	[MsgId: MMSG-26574]
vuser_end.c(9): Detected non-resource "http://localhost:1080/WebTours/home.html" in "http://localhost:1080/cgi-bin/welcome.pl?signOff=1"  	[MsgId: MMSG-26574]
vuser_end.c(9): Retrieving data from cache for "http://localhost:1080/WebTours/home.html"  	[MsgId: MMSG-26558]
vuser_end.c(9): Resource "http://localhost:1080/WebTours/images/mer_login.gif" is in the cache already and will not be downloaded again  	[MsgId: MMSG-26655]
vuser_end.c(9): web_url("SignOff Button") was successful, 2172 body bytes, 582 header bytes, 24 chunking overhead bytes  	[MsgId: MMSG-26385]
globals.h(23): Notify: Transaction "10.Exit" ended with a "Pass" status (Duration: 0,2001 Wasted Time: 0,0535).
globals.h(25): web_custom_request("InfluxDB") started  	[MsgId: MMSG-26355]
globals.h(25): web_custom_request("InfluxDB") was successful, 0 body bytes, 248 header bytes  	[MsgId: MMSG-26386]
Ending action vuser_end.
Vuser Terminated.
